# JRE version: OpenJDK Runtime Environment (17.0.9) (build 17.0.9+0--11185874)
# Java VM: OpenJDK 64-Bit Server VM (17.0.9+0--11185874, mixed mode, tiered, compressed oops, compressed class ptrs, g1 gc, windows-amd64)
GC Precious Log:
 CPUs: 4 total, 4 available
 Memory: 8071M
 Large Page Support: Disabled
 NUMA Support: Disabled
 Compressed Oops: Enabled (32-bit)
 Heap Region Size: 1M
 Heap Min Capacity: 8M
 Heap Initial Capacity: 128M
 Heap Max Capacity: 2G
 Pre-touch: Disabled
 Parallel Workers: 4
 Concurrent Workers: 1
 Concurrent Refinement Workers: 4
 Periodic GC: Disabled
Heap:
 garbage-first heap   total 379904K, used 353810K [0x0000000080000000, 0x0000000100000000)
  region size 1024K, 13 young (13312K), 3 survivors (3072K)
 Metaspace       used 203530K, committed 204672K, reserved 1245184K
  class space    used 25865K, committed 26432K, reserved 1048576K
GC Heap History (20 events):
Event: 179.333 GC heap before
{Heap before GC invocations=87 (full 0):
 garbage-first heap   total 379904K, used 332222K [0x0000000080000000, 0x0000000100000000)
  region size 1024K, 22 young (22528K), 3 survivors (3072K)
 Metaspace       used 199838K, committed 200960K, reserved 1245184K
  class space    used 25458K, committed 25984K, reserved 1048576K
}
Event: 179.342 GC heap after
{Heap after GC invocations=88 (full 0):
 garbage-first heap   total 379904K, used 315158K [0x0000000080000000, 0x0000000100000000)
  region size 1024K, 3 young (3072K), 3 survivors (3072K)
 Metaspace       used 199838K, committed 200960K, reserved 1245184K
  class space    used 25458K, committed 25984K, reserved 1048576K
}
Event: 187.891 GC heap before
{Heap before GC invocations=88 (full 0):
 garbage-first heap   total 379904K, used 331542K [0x0000000080000000, 0x0000000100000000)
  region size 1024K, 20 young (20480K), 3 survivors (3072K)
 Metaspace       used 200027K, committed 201088K, reserved 1245184K
  class space    used 25468K, committed 25984K, reserved 1048576K
}
Event: 187.895 GC heap after
{Heap after GC invocations=89 (full 0):
 garbage-first heap   total 379904K, used 315246K [0x0000000080000000, 0x0000000100000000)
  region size 1024K, 2 young (2048K), 2 survivors (2048K)
 Metaspace       used 200027K, committed 201088K, reserved 1245184K
  class space    used 25468K, committed 25984K, reserved 1048576K
}
Event: 188.189 GC heap before
{Heap before GC invocations=89 (full 0):
 garbage-first heap   total 379904K, used 331630K [0x0000000080000000, 0x0000000100000000)
  region size 1024K, 19 young (19456K), 2 survivors (2048K)
 Metaspace       used 200487K, committed 201600K, reserved 1245184K
  class space    used 25525K, committed 26048K, reserved 1048576K
}
Event: 188.201 GC heap after
{Heap after GC invocations=90 (full 0):
 garbage-first heap   total 379904K, used 316096K [0x0000000080000000, 0x0000000100000000)
  region size 1024K, 2 young (2048K), 2 survivors (2048K)
 Metaspace       used 200487K, committed 201600K, reserved 1245184K
  class space    used 25525K, committed 26048K, reserved 1048576K
}
Event: 188.832 GC heap before
{Heap before GC invocations=90 (full 0):
 garbage-first heap   total 379904K, used 333504K [0x0000000080000000, 0x0000000100000000)
  region size 1024K, 20 young (20480K), 2 survivors (2048K)
 Metaspace       used 202183K, committed 203264K, reserved 1245184K
  class space    used 25767K, committed 26304K, reserved 1048576K
}
Event: 188.838 GC heap after
{Heap after GC invocations=91 (full 0):
 garbage-first heap   total 379904K, used 317852K [0x0000000080000000, 0x0000000100000000)
  region size 1024K, 2 young (2048K), 2 survivors (2048K)
 Metaspace       used 202183K, committed 203264K, reserved 1245184K
  class space    used 25767K, committed 26304K, reserved 1048576K
}
Event: 293.305 GC heap before
{Heap before GC invocations=91 (full 0):
 garbage-first heap   total 379904K, used 333212K [0x0000000080000000, 0x0000000100000000)
  region size 1024K, 18 young (18432K), 2 survivors (2048K)
 Metaspace       used 202547K, committed 203712K, reserved 1245184K
  class space    used 25809K, committed 26368K, reserved 1048576K
}
Event: 293.321 GC heap after
{Heap after GC invocations=92 (full 0):
 garbage-first heap   total 379904K, used 318828K [0x0000000080000000, 0x0000000100000000)
  region size 1024K, 3 young (3072K), 3 survivors (3072K)
 Metaspace       used 202547K, committed 203712K, reserved 1245184K
  class space    used 25809K, committed 26368K, reserved 1048576K
}
Event: 294.391 GC heap before
{Heap before GC invocations=92 (full 0):
 garbage-first heap   total 379904K, used 334188K [0x0000000080000000, 0x0000000100000000)
  region size 1024K, 19 young (19456K), 3 survivors (3072K)
 Metaspace       used 202678K, committed 203840K, reserved 1245184K
  class space    used 25811K, committed 26368K, reserved 1048576K
}
Event: 294.397 GC heap after
{Heap after GC invocations=93 (full 0):
 garbage-first heap   total 379904K, used 320749K [0x0000000080000000, 0x0000000100000000)
  region size 1024K, 3 young (3072K), 3 survivors (3072K)
 Metaspace       used 202678K, committed 203840K, reserved 1245184K
  class space    used 25811K, committed 26368K, reserved 1048576K
}
Event: 296.434 GC heap before
{Heap before GC invocations=93 (full 0):
 garbage-first heap   total 379904K, used 336109K [0x0000000080000000, 0x0000000100000000)
  region size 1024K, 18 young (18432K), 3 survivors (3072K)
 Metaspace       used 203027K, committed 204160K, reserved 1245184K
  class space    used 25811K, committed 26368K, reserved 1048576K
}
Event: 296.445 GC heap after
{Heap after GC invocations=94 (full 0):
 garbage-first heap   total 379904K, used 323723K [0x0000000080000000, 0x0000000100000000)
  region size 1024K, 3 young (3072K), 3 survivors (3072K)
 Metaspace       used 203027K, committed 204160K, reserved 1245184K
  class space    used 25811K, committed 26368K, reserved 1048576K
}
Event: 298.091 GC heap before
{Heap before GC invocations=94 (full 0):
 garbage-first heap   total 379904K, used 343179K [0x0000000080000000, 0x0000000100000000)
  region size 1024K, 18 young (18432K), 3 survivors (3072K)
 Metaspace       used 203250K, committed 204416K, reserved 1245184K
  class space    used 25847K, committed 26432K, reserved 1048576K
}
Event: 298.101 GC heap after
{Heap after GC invocations=95 (full 0):
 garbage-first heap   total 379904K, used 330936K [0x0000000080000000, 0x0000000100000000)
  region size 1024K, 3 young (3072K), 3 survivors (3072K)
 Metaspace       used 203250K, committed 204416K, reserved 1245184K
  class space    used 25847K, committed 26432K, reserved 1048576K
}
Event: 298.367 GC heap before
{Heap before GC invocations=95 (full 0):
 garbage-first heap   total 379904K, used 336056K [0x0000000080000000, 0x0000000100000000)
  region size 1024K, 9 young (9216K), 3 survivors (3072K)
 Metaspace       used 203530K, committed 204672K, reserved 1245184K
  class space    used 25865K, committed 26432K, reserved 1048576K
}
Event: 298.386 GC heap after
{Heap after GC invocations=96 (full 0):
 garbage-first heap   total 379904K, used 334020K [0x0000000080000000, 0x0000000100000000)
  region size 1024K, 3 young (3072K), 3 survivors (3072K)
 Metaspace       used 203530K, committed 204672K, reserved 1245184K
  class space    used 25865K, committed 26432K, reserved 1048576K
}
Event: 298.969 GC heap before
{Heap before GC invocations=96 (full 0):
 garbage-first heap   total 379904K, used 356548K [0x0000000080000000, 0x0000000100000000)
  region size 1024K, 18 young (18432K), 3 survivors (3072K)
 Metaspace       used 203530K, committed 204672K, reserved 1245184K
  class space    used 25865K, committed 26432K, reserved 1048576K
}
Event: 298.978 GC heap after
{Heap after GC invocations=97 (full 0):
 garbage-first heap   total 379904K, used 345618K [0x0000000080000000, 0x0000000100000000)
  region size 1024K, 3 young (3072K), 3 survivors (3072K)
 Metaspace       used 203530K, committed 204672K, reserved 1245184K
  class space    used 25865K, committed 26432K, reserved 1048576K
}

